[1111/125453.536:INFO:CONSOLE(1)] "Long rAF frame-time", source: file:///C:/Program%20Files%20(x86)/photoshop/Adobe%20Photoshop%202020/Required/www-rich-tooltips/build/external.js (1)
[1111/125454.083:ERROR:mf_helpers.cc(14)] Error in dxva_video_decode_accelerator_win.cc on line 1612
[1111/125454.083:ERROR:mf_helpers.cc(14)] Error in dxva_video_decode_accelerator_win.cc on line 842
[1111/125454.218:WARNING:angle_platform_impl.cc(52)] compileToBinary(230): 
C:\fakepath(69,8-58): warning X3571: pow(f, e) will not work for negative f, use abs(f) or conditionally handle negative values if you expect them
C:\fakepath(77,9-43): warning X3571: pow(f, e) will not work for negative f, use abs(f) or conditionally handle negative values if you expect them

[1111/125456.904:ERROR:mf_helpers.cc(14)] Error in dxva_video_decode_accelerator_win.cc on line 1612
[1111/125456.905:ERROR:mf_helpers.cc(14)] Error in dxva_video_decode_accelerator_win.cc on line 842
[1111/125458.535:ERROR:mf_helpers.cc(14)] Error in dxva_video_decode_accelerator_win.cc on line 1612
[1111/125458.535:ERROR:mf_helpers.cc(14)] Error in dxva_video_decode_accelerator_win.cc on line 842
[1111/125502.071:ERROR:mf_helpers.cc(14)] Error in dxva_video_decode_accelerator_win.cc on line 1612
[1111/125502.071:ERROR:mf_helpers.cc(14)] Error in dxva_video_decode_accelerator_win.cc on line 842
[1111/130526.734:ERROR:mf_helpers.cc(14)] Error in dxva_video_decode_accelerator_win.cc on line 1612
[1111/130526.734:ERROR:mf_helpers.cc(14)] Error in dxva_video_decode_accelerator_win.cc on line 842
[1111/130529.737:ERROR:mf_helpers.cc(14)] Error in dxva_video_decode_accelerator_win.cc on line 1612
[1111/130529.737:ERROR:mf_helpers.cc(14)] Error in dxva_video_decode_accelerator_win.cc on line 842
[1111/132636.686:WARNING:dns_config_service_win.cc(668)] Failed to read DnsConfig.
[1111/132641.699:WARNING:dns_config_service_win.cc(668)] Failed to read DnsConfig.
[1111/132646.712:WARNING:dns_config_service_win.cc(668)] Failed to read DnsConfig.
[1111/132651.722:WARNING:dns_config_service_win.cc(668)] Failed to read DnsConfig.
[1111/132656.734:WARNING:dns_config_service_win.cc(668)] Failed to read DnsConfig.
[1111/132701.743:WARNING:dns_config_service_win.cc(668)] Failed to read DnsConfig.
[1111/132706.755:WARNING:dns_config_service_win.cc(668)] Failed to read DnsConfig.
[1111/132711.765:WARNING:dns_config_service_win.cc(668)] Failed to read DnsConfig.
[1111/132716.774:WARNING:dns_config_service_win.cc(668)] Failed to read DnsConfig.
[1111/132721.786:WARNING:dns_config_service_win.cc(668)] Failed to read DnsConfig.
[1111/132726.796:WARNING:dns_config_service_win.cc(668)] Failed to read DnsConfig.
[1111/132731.807:WARNING:dns_config_service_win.cc(668)] Failed to read DnsConfig.
[1111/132736.816:WARNING:dns_config_service_win.cc(668)] Failed to read DnsConfig.
[1111/132741.826:WARNING:dns_config_service_win.cc(668)] Failed to read DnsConfig.
[1111/132746.836:WARNING:dns_config_service_win.cc(668)] Failed to read DnsConfig.
[1111/132751.847:WARNING:dns_config_service_win.cc(668)] Failed to read DnsConfig.
[1111/132756.858:WARNING:dns_config_service_win.cc(668)] Failed to read DnsConfig.
[1115/163554.309:WARNING:dns_config_service_win.cc(668)] Failed to read DnsConfig.
[1115/204859.848:WARNING:dns_config_service_win.cc(668)] Failed to read DnsConfig.
[1117/132951.512:INFO:CONSOLE(1)] "Long rAF frame-time", source: file:///C:/Program%20Files%20(x86)/photoshop/Adobe%20Photoshop%202020/Required/www-rich-tooltips/build/external.js (1)
[1117/132951.787:ERROR:mf_helpers.cc(14)] Error in dxva_video_decode_accelerator_win.cc on line 1612
[1117/132951.787:ERROR:mf_helpers.cc(14)] Error in dxva_video_decode_accelerator_win.cc on line 842
[1117/132951.854:WARNING:angle_platform_impl.cc(52)] compileToBinary(230): 
C:\fakepath(69,8-58): warning X3571: pow(f, e) will not work for negative f, use abs(f) or conditionally handle negative values if you expect them
C:\fakepath(77,9-43): warning X3571: pow(f, e) will not work for negative f, use abs(f) or conditionally handle negative values if you expect them

[1117/132951.911:ERROR:mf_helpers.cc(14)] Error in dxva_video_decode_accelerator_win.cc on line 1612
[1117/132951.911:ERROR:mf_helpers.cc(14)] Error in dxva_video_decode_accelerator_win.cc on line 842
[1117/132952.545:ERROR:mf_helpers.cc(14)] Error in dxva_video_decode_accelerator_win.cc on line 1612
[1117/132952.546:ERROR:mf_helpers.cc(14)] Error in dxva_video_decode_accelerator_win.cc on line 842
[1117/132952.867:ERROR:mf_helpers.cc(14)] Error in dxva_video_decode_accelerator_win.cc on line 1612
[1117/132952.867:ERROR:mf_helpers.cc(14)] Error in dxva_video_decode_accelerator_win.cc on line 842
[1117/132953.819:ERROR:mf_helpers.cc(14)] Error in dxva_video_decode_accelerator_win.cc on line 1612
[1117/132953.819:ERROR:mf_helpers.cc(14)] Error in dxva_video_decode_accelerator_win.cc on line 842
[1117/132954.415:ERROR:mf_helpers.cc(14)] Error in dxva_video_decode_accelerator_win.cc on line 1612
[1117/132954.415:ERROR:mf_helpers.cc(14)] Error in dxva_video_decode_accelerator_win.cc on line 842
[1117/132955.038:ERROR:mf_helpers.cc(14)] Error in dxva_video_decode_accelerator_win.cc on line 1612
[1117/132955.038:ERROR:mf_helpers.cc(14)] Error in dxva_video_decode_accelerator_win.cc on line 842
[1117/132955.400:ERROR:mf_helpers.cc(14)] Error in dxva_video_decode_accelerator_win.cc on line 1612
[1117/132955.400:ERROR:mf_helpers.cc(14)] Error in dxva_video_decode_accelerator_win.cc on line 842
[1117/132956.762:ERROR:mf_helpers.cc(14)] Error in dxva_video_decode_accelerator_win.cc on line 1612
[1117/132956.762:ERROR:mf_helpers.cc(14)] Error in dxva_video_decode_accelerator_win.cc on line 842
[1117/132958.872:ERROR:mf_helpers.cc(14)] Error in dxva_video_decode_accelerator_win.cc on line 1612
[1117/132958.872:ERROR:mf_helpers.cc(14)] Error in dxva_video_decode_accelerator_win.cc on line 842
[1117/141447.151:WARNING:dns_config_service_win.cc(668)] Failed to read DnsConfig.
[1117/152307.615:WARNING:dns_config_service_win.cc(668)] Failed to read DnsConfig.
[1117/173543.503:WARNING:dns_config_service_win.cc(668)] Failed to read DnsConfig.
[1117/173652.536:WARNING:dns_config_service_win.cc(668)] Failed to read DnsConfig.
[1117/174303.383:WARNING:dns_config_service_win.cc(668)] Failed to read DnsConfig.
[1117/182028.226:WARNING:dns_config_service_win.cc(668)] Failed to read DnsConfig.
[1117/182958.439:WARNING:dns_config_service_win.cc(668)] Failed to read DnsConfig.
[1117/183003.450:WARNING:dns_config_service_win.cc(668)] Failed to read DnsConfig.
[1117/183008.459:WARNING:dns_config_service_win.cc(668)] Failed to read DnsConfig.
[1117/183013.465:WARNING:dns_config_service_win.cc(668)] Failed to read DnsConfig.
[1117/183018.480:WARNING:dns_config_service_win.cc(668)] Failed to read DnsConfig.
[1117/183023.490:WARNING:dns_config_service_win.cc(668)] Failed to read DnsConfig.
[1117/183028.511:WARNING:dns_config_service_win.cc(668)] Failed to read DnsConfig.
[1117/183033.536:WARNING:dns_config_service_win.cc(668)] Failed to read DnsConfig.
[1117/183038.547:WARNING:dns_config_service_win.cc(668)] Failed to read DnsConfig.
[1117/183043.561:WARNING:dns_config_service_win.cc(668)] Failed to read DnsConfig.
[1117/183048.574:WARNING:dns_config_service_win.cc(668)] Failed to read DnsConfig.
[1117/183053.589:WARNING:dns_config_service_win.cc(668)] Failed to read DnsConfig.
[1117/183058.603:WARNING:dns_config_service_win.cc(668)] Failed to read DnsConfig.
[1117/183103.615:WARNING:dns_config_service_win.cc(668)] Failed to read DnsConfig.
[1117/183108.630:WARNING:dns_config_service_win.cc(668)] Failed to read DnsConfig.
[1117/183113.649:WARNING:dns_config_service_win.cc(668)] Failed to read DnsConfig.
[1117/183118.664:WARNING:dns_config_service_win.cc(668)] Failed to read DnsConfig.
[1117/183123.677:WARNING:dns_config_service_win.cc(668)] Failed to read DnsConfig.
[1117/183128.690:WARNING:dns_config_service_win.cc(668)] Failed to read DnsConfig.
[1117/183133.702:WARNING:dns_config_service_win.cc(668)] Failed to read DnsConfig.
[1117/183138.715:WARNING:dns_config_service_win.cc(668)] Failed to read DnsConfig.
[1117/183143.729:WARNING:dns_config_service_win.cc(668)] Failed to read DnsConfig.
[1117/183148.740:WARNING:dns_config_service_win.cc(668)] Failed to read DnsConfig.
[1117/183153.752:WARNING:dns_config_service_win.cc(668)] Failed to read DnsConfig.
[1117/183158.767:WARNING:dns_config_service_win.cc(668)] Failed to read DnsConfig.
[1117/183203.779:WARNING:dns_config_service_win.cc(668)] Failed to read DnsConfig.
[1117/183208.793:WARNING:dns_config_service_win.cc(668)] Failed to read DnsConfig.
[1117/183213.805:WARNING:dns_config_service_win.cc(668)] Failed to read DnsConfig.
[1117/183218.821:WARNING:dns_config_service_win.cc(668)] Failed to read DnsConfig.
[1117/183223.833:WARNING:dns_config_service_win.cc(668)] Failed to read DnsConfig.
[1117/183228.846:WARNING:dns_config_service_win.cc(668)] Failed to read DnsConfig.
[1117/183233.858:WARNING:dns_config_service_win.cc(668)] Failed to read DnsConfig.
[1117/183238.872:WARNING:dns_config_service_win.cc(668)] Failed to read DnsConfig.
[1117/183243.884:WARNING:dns_config_service_win.cc(668)] Failed to read DnsConfig.
[1117/183248.897:WARNING:dns_config_service_win.cc(668)] Failed to read DnsConfig.
[1117/183253.915:WARNING:dns_config_service_win.cc(668)] Failed to read DnsConfig.
[1117/183258.926:WARNING:dns_config_service_win.cc(668)] Failed to read DnsConfig.
[1117/183303.936:WARNING:dns_config_service_win.cc(668)] Failed to read DnsConfig.
[1117/183308.948:WARNING:dns_config_service_win.cc(668)] Failed to read DnsConfig.
[1117/183313.961:WARNING:dns_config_service_win.cc(668)] Failed to read DnsConfig.
[1117/183318.972:WARNING:dns_config_service_win.cc(668)] Failed to read DnsConfig.
[1117/183323.984:WARNING:dns_config_service_win.cc(668)] Failed to read DnsConfig.
[1117/183328.996:WARNING:dns_config_service_win.cc(668)] Failed to read DnsConfig.
[1117/183334.007:WARNING:dns_config_service_win.cc(668)] Failed to read DnsConfig.
[1117/183339.019:WARNING:dns_config_service_win.cc(668)] Failed to read DnsConfig.
[1117/183344.031:WARNING:dns_config_service_win.cc(668)] Failed to read DnsConfig.
[1117/183349.042:WARNING:dns_config_service_win.cc(668)] Failed to read DnsConfig.
[1117/183354.052:WARNING:dns_config_service_win.cc(668)] Failed to read DnsConfig.
[1117/183359.066:WARNING:dns_config_service_win.cc(668)] Failed to read DnsConfig.
[1117/183404.077:WARNING:dns_config_service_win.cc(668)] Failed to read DnsConfig.
[1117/183409.090:WARNING:dns_config_service_win.cc(668)] Failed to read DnsConfig.
[1117/183414.103:WARNING:dns_config_service_win.cc(668)] Failed to read DnsConfig.
[1117/183419.115:WARNING:dns_config_service_win.cc(668)] Failed to read DnsConfig.
[1117/183424.131:WARNING:dns_config_service_win.cc(668)] Failed to read DnsConfig.
[1117/183429.141:WARNING:dns_config_service_win.cc(668)] Failed to read DnsConfig.
[1117/183434.152:WARNING:dns_config_service_win.cc(668)] Failed to read DnsConfig.
[1117/183439.165:WARNING:dns_config_service_win.cc(668)] Failed to read DnsConfig.
[1117/183444.183:WARNING:dns_config_service_win.cc(668)] Failed to read DnsConfig.
[1117/183449.194:WARNING:dns_config_service_win.cc(668)] Failed to read DnsConfig.
[1117/183454.206:WARNING:dns_config_service_win.cc(668)] Failed to read DnsConfig.
[1117/183459.220:WARNING:dns_config_service_win.cc(668)] Failed to read DnsConfig.
[1117/183504.232:WARNING:dns_config_service_win.cc(668)] Failed to read DnsConfig.
[1117/183509.244:WARNING:dns_config_service_win.cc(668)] Failed to read DnsConfig.
[1117/183514.255:WARNING:dns_config_service_win.cc(668)] Failed to read DnsConfig.
[1117/183519.269:WARNING:dns_config_service_win.cc(668)] Failed to read DnsConfig.
[1117/183524.279:WARNING:dns_config_service_win.cc(668)] Failed to read DnsConfig.
[1117/183529.292:WARNING:dns_config_service_win.cc(668)] Failed to read DnsConfig.
[1117/183534.305:WARNING:dns_config_service_win.cc(668)] Failed to read DnsConfig.
[1117/183539.318:WARNING:dns_config_service_win.cc(668)] Failed to read DnsConfig.
[1117/183544.331:WARNING:dns_config_service_win.cc(668)] Failed to read DnsConfig.
[1117/183549.344:WARNING:dns_config_service_win.cc(668)] Failed to read DnsConfig.
[1117/183554.355:WARNING:dns_config_service_win.cc(668)] Failed to read DnsConfig.
[1117/183559.368:WARNING:dns_config_service_win.cc(668)] Failed to read DnsConfig.
[1117/183604.380:WARNING:dns_config_service_win.cc(668)] Failed to read DnsConfig.
[1117/183609.393:WARNING:dns_config_service_win.cc(668)] Failed to read DnsConfig.
[1117/183614.403:WARNING:dns_config_service_win.cc(668)] Failed to read DnsConfig.
[1117/183619.416:WARNING:dns_config_service_win.cc(668)] Failed to read DnsConfig.
[1117/183624.427:WARNING:dns_config_service_win.cc(668)] Failed to read DnsConfig.
[1117/183629.439:WARNING:dns_config_service_win.cc(668)] Failed to read DnsConfig.
[1117/183634.451:WARNING:dns_config_service_win.cc(668)] Failed to read DnsConfig.
[1117/183639.462:WARNING:dns_config_service_win.cc(668)] Failed to read DnsConfig.
[1117/183644.473:WARNING:dns_config_service_win.cc(668)] Failed to read DnsConfig.
[1117/183649.484:WARNING:dns_config_service_win.cc(668)] Failed to read DnsConfig.
[1117/183654.496:WARNING:dns_config_service_win.cc(668)] Failed to read DnsConfig.
[1117/183659.509:WARNING:dns_config_service_win.cc(668)] Failed to read DnsConfig.
[1117/183704.518:WARNING:dns_config_service_win.cc(668)] Failed to read DnsConfig.
[1117/183709.529:WARNING:dns_config_service_win.cc(668)] Failed to read DnsConfig.
[1117/183714.541:WARNING:dns_config_service_win.cc(668)] Failed to read DnsConfig.
[1117/183719.561:WARNING:dns_config_service_win.cc(668)] Failed to read DnsConfig.
[1117/183724.574:WARNING:dns_config_service_win.cc(668)] Failed to read DnsConfig.
[1117/183729.587:WARNING:dns_config_service_win.cc(668)] Failed to read DnsConfig.
[1117/183734.599:WARNING:dns_config_service_win.cc(668)] Failed to read DnsConfig.
[1117/183739.614:WARNING:dns_config_service_win.cc(668)] Failed to read DnsConfig.
[1117/183744.628:WARNING:dns_config_service_win.cc(668)] Failed to read DnsConfig.
[1117/183749.641:WARNING:dns_config_service_win.cc(668)] Failed to read DnsConfig.
[1117/183754.651:WARNING:dns_config_service_win.cc(668)] Failed to read DnsConfig.
[1117/183759.661:WARNING:dns_config_service_win.cc(668)] Failed to read DnsConfig.
[1117/183804.671:WARNING:dns_config_service_win.cc(668)] Failed to read DnsConfig.
[1117/183809.685:WARNING:dns_config_service_win.cc(668)] Failed to read DnsConfig.
[1117/183814.696:WARNING:dns_config_service_win.cc(668)] Failed to read DnsConfig.
[1117/183819.707:WARNING:dns_config_service_win.cc(668)] Failed to read DnsConfig.
[1117/183824.718:WARNING:dns_config_service_win.cc(668)] Failed to read DnsConfig.
[1117/183829.729:WARNING:dns_config_service_win.cc(668)] Failed to read DnsConfig.
[1117/183834.741:WARNING:dns_config_service_win.cc(668)] Failed to read DnsConfig.
[1117/183839.752:WARNING:dns_config_service_win.cc(668)] Failed to read DnsConfig.
[1117/183844.762:WARNING:dns_config_service_win.cc(668)] Failed to read DnsConfig.
[1117/183849.774:WARNING:dns_config_service_win.cc(668)] Failed to read DnsConfig.
[1117/183854.784:WARNING:dns_config_service_win.cc(668)] Failed to read DnsConfig.
[1117/183859.795:WARNING:dns_config_service_win.cc(668)] Failed to read DnsConfig.
[1117/183904.804:WARNING:dns_config_service_win.cc(668)] Failed to read DnsConfig.
[1117/183909.816:WARNING:dns_config_service_win.cc(668)] Failed to read DnsConfig.
[1117/183914.827:WARNING:dns_config_service_win.cc(668)] Failed to read DnsConfig.
[1117/183919.837:WARNING:dns_config_service_win.cc(668)] Failed to read DnsConfig.
[1117/183924.847:WARNING:dns_config_service_win.cc(668)] Failed to read DnsConfig.
[1117/183929.856:WARNING:dns_config_service_win.cc(668)] Failed to read DnsConfig.
[1117/183934.869:WARNING:dns_config_service_win.cc(668)] Failed to read DnsConfig.
[1117/183939.879:WARNING:dns_config_service_win.cc(668)] Failed to read DnsConfig.
[1117/183944.891:WARNING:dns_config_service_win.cc(668)] Failed to read DnsConfig.
[1117/183949.902:WARNING:dns_config_service_win.cc(668)] Failed to read DnsConfig.
[1117/183954.916:WARNING:dns_config_service_win.cc(668)] Failed to read DnsConfig.
[1117/183959.928:WARNING:dns_config_service_win.cc(668)] Failed to read DnsConfig.
[1117/184004.940:WARNING:dns_config_service_win.cc(668)] Failed to read DnsConfig.
[1117/184009.954:WARNING:dns_config_service_win.cc(668)] Failed to read DnsConfig.
[1117/184014.967:WARNING:dns_config_service_win.cc(668)] Failed to read DnsConfig.
[1117/184019.980:WARNING:dns_config_service_win.cc(668)] Failed to read DnsConfig.
[1117/184024.990:WARNING:dns_config_service_win.cc(668)] Failed to read DnsConfig.
[1117/184030.001:WARNING:dns_config_service_win.cc(668)] Failed to read DnsConfig.
[1117/184035.014:WARNING:dns_config_service_win.cc(668)] Failed to read DnsConfig.
[1117/184040.025:WARNING:dns_config_service_win.cc(668)] Failed to read DnsConfig.
[1117/184045.037:WARNING:dns_config_service_win.cc(668)] Failed to read DnsConfig.
[1117/184050.050:WARNING:dns_config_service_win.cc(668)] Failed to read DnsConfig.
[1117/184055.062:WARNING:dns_config_service_win.cc(668)] Failed to read DnsConfig.
[1117/184100.071:WARNING:dns_config_service_win.cc(668)] Failed to read DnsConfig.
[1117/184105.084:WARNING:dns_config_service_win.cc(668)] Failed to read DnsConfig.
[1117/184110.096:WARNING:dns_config_service_win.cc(668)] Failed to read DnsConfig.
[1117/184115.106:WARNING:dns_config_service_win.cc(668)] Failed to read DnsConfig.
[1117/184120.118:WARNING:dns_config_service_win.cc(668)] Failed to read DnsConfig.
[1117/184125.128:WARNING:dns_config_service_win.cc(668)] Failed to read DnsConfig.
[1117/184130.138:WARNING:dns_config_service_win.cc(668)] Failed to read DnsConfig.
[1117/184135.150:WARNING:dns_config_service_win.cc(668)] Failed to read DnsConfig.
[1117/184140.163:WARNING:dns_config_service_win.cc(668)] Failed to read DnsConfig.
[1117/184145.173:WARNING:dns_config_service_win.cc(668)] Failed to read DnsConfig.
[1117/184150.184:WARNING:dns_config_service_win.cc(668)] Failed to read DnsConfig.
[1117/184155.195:WARNING:dns_config_service_win.cc(668)] Failed to read DnsConfig.
[1117/184200.207:WARNING:dns_config_service_win.cc(668)] Failed to read DnsConfig.
[1117/184205.216:WARNING:dns_config_service_win.cc(668)] Failed to read DnsConfig.
[1117/184210.227:WARNING:dns_config_service_win.cc(668)] Failed to read DnsConfig.
[1117/184215.237:WARNING:dns_config_service_win.cc(668)] Failed to read DnsConfig.
[1117/184220.246:WARNING:dns_config_service_win.cc(668)] Failed to read DnsConfig.
[1117/184225.259:WARNING:dns_config_service_win.cc(668)] Failed to read DnsConfig.
[1117/184230.270:WARNING:dns_config_service_win.cc(668)] Failed to read DnsConfig.
[1117/184235.283:WARNING:dns_config_service_win.cc(668)] Failed to read DnsConfig.
[1117/184240.294:WARNING:dns_config_service_win.cc(668)] Failed to read DnsConfig.
[1117/184245.306:WARNING:dns_config_service_win.cc(668)] Failed to read DnsConfig.
[1117/184250.319:WARNING:dns_config_service_win.cc(668)] Failed to read DnsConfig.
[1117/184255.329:WARNING:dns_config_service_win.cc(668)] Failed to read DnsConfig.
[1117/184300.342:WARNING:dns_config_service_win.cc(668)] Failed to read DnsConfig.
[1117/184305.356:WARNING:dns_config_service_win.cc(668)] Failed to read DnsConfig.
[1117/184310.367:WARNING:dns_config_service_win.cc(668)] Failed to read DnsConfig.
[1117/184315.380:WARNING:dns_config_service_win.cc(668)] Failed to read DnsConfig.
[1117/184320.391:WARNING:dns_config_service_win.cc(668)] Failed to read DnsConfig.
[1117/184325.402:WARNING:dns_config_service_win.cc(668)] Failed to read DnsConfig.
[1117/184330.413:WARNING:dns_config_service_win.cc(668)] Failed to read DnsConfig.
[1117/184335.426:WARNING:dns_config_service_win.cc(668)] Failed to read DnsConfig.
[1117/184340.436:WARNING:dns_config_service_win.cc(668)] Failed to read DnsConfig.
[1117/184345.443:WARNING:dns_config_service_win.cc(668)] Failed to read DnsConfig.
[1117/184350.455:WARNING:dns_config_service_win.cc(668)] Failed to read DnsConfig.
[1117/184355.468:WARNING:dns_config_service_win.cc(668)] Failed to read DnsConfig.
[1117/184400.484:WARNING:dns_config_service_win.cc(668)] Failed to read DnsConfig.
[1117/184405.496:WARNING:dns_config_service_win.cc(668)] Failed to read DnsConfig.
[1117/184410.507:WARNING:dns_config_service_win.cc(668)] Failed to read DnsConfig.
[1117/184415.518:WARNING:dns_config_service_win.cc(668)] Failed to read DnsConfig.
[1117/184420.529:WARNING:dns_config_service_win.cc(668)] Failed to read DnsConfig.
[1117/184425.538:WARNING:dns_config_service_win.cc(668)] Failed to read DnsConfig.
[1117/184430.549:WARNING:dns_config_service_win.cc(668)] Failed to read DnsConfig.
[1117/184435.560:WARNING:dns_config_service_win.cc(668)] Failed to read DnsConfig.
[1117/184440.570:WARNING:dns_config_service_win.cc(668)] Failed to read DnsConfig.
[1117/184445.582:WARNING:dns_config_service_win.cc(668)] Failed to read DnsConfig.
[1117/184450.593:WARNING:dns_config_service_win.cc(668)] Failed to read DnsConfig.
[1117/184455.604:WARNING:dns_config_service_win.cc(668)] Failed to read DnsConfig.
[1117/184500.615:WARNING:dns_config_service_win.cc(668)] Failed to read DnsConfig.
[1117/184505.625:WARNING:dns_config_service_win.cc(668)] Failed to read DnsConfig.
[1117/184510.638:WARNING:dns_config_service_win.cc(668)] Failed to read DnsConfig.
[1117/184515.650:WARNING:dns_config_service_win.cc(668)] Failed to read DnsConfig.
[1117/184520.662:WARNING:dns_config_service_win.cc(668)] Failed to read DnsConfig.
[1117/184525.674:WARNING:dns_config_service_win.cc(668)] Failed to read DnsConfig.
[1117/184530.686:WARNING:dns_config_service_win.cc(668)] Failed to read DnsConfig.
[1117/184535.698:WARNING:dns_config_service_win.cc(668)] Failed to read DnsConfig.
[1117/184540.709:WARNING:dns_config_service_win.cc(668)] Failed to read DnsConfig.
[1117/184545.723:WARNING:dns_config_service_win.cc(668)] Failed to read DnsConfig.
[1117/184550.732:WARNING:dns_config_service_win.cc(668)] Failed to read DnsConfig.
[1117/184555.743:WARNING:dns_config_service_win.cc(668)] Failed to read DnsConfig.
[1117/184600.755:WARNING:dns_config_service_win.cc(668)] Failed to read DnsConfig.
[1117/184605.766:WARNING:dns_config_service_win.cc(668)] Failed to read DnsConfig.
[1117/184610.776:WARNING:dns_config_service_win.cc(668)] Failed to read DnsConfig.
[1117/184615.787:WARNING:dns_config_service_win.cc(668)] Failed to read DnsConfig.
[1117/184620.798:WARNING:dns_config_service_win.cc(668)] Failed to read DnsConfig.
[1117/184625.808:WARNING:dns_config_service_win.cc(668)] Failed to read DnsConfig.
[1117/184630.819:WARNING:dns_config_service_win.cc(668)] Failed to read DnsConfig.
[1117/184635.829:WARNING:dns_config_service_win.cc(668)] Failed to read DnsConfig.
[1117/184640.842:WARNING:dns_config_service_win.cc(668)] Failed to read DnsConfig.
[1117/184645.854:WARNING:dns_config_service_win.cc(668)] Failed to read DnsConfig.
[1117/184650.866:WARNING:dns_config_service_win.cc(668)] Failed to read DnsConfig.
[1117/184655.878:WARNING:dns_config_service_win.cc(668)] Failed to read DnsConfig.
[1117/184700.891:WARNING:dns_config_service_win.cc(668)] Failed to read DnsConfig.
[1117/184705.902:WARNING:dns_config_service_win.cc(668)] Failed to read DnsConfig.
[1117/184710.914:WARNING:dns_config_service_win.cc(668)] Failed to read DnsConfig.
[1117/184715.925:WARNING:dns_config_service_win.cc(668)] Failed to read DnsConfig.
[1117/184720.937:WARNING:dns_config_service_win.cc(668)] Failed to read DnsConfig.
[1117/184725.947:WARNING:dns_config_service_win.cc(668)] Failed to read DnsConfig.
[1117/184730.957:WARNING:dns_config_service_win.cc(668)] Failed to read DnsConfig.
[1117/184735.966:WARNING:dns_config_service_win.cc(668)] Failed to read DnsConfig.
[1117/184740.977:WARNING:dns_config_service_win.cc(668)] Failed to read DnsConfig.
[1117/184745.988:WARNING:dns_config_service_win.cc(668)] Failed to read DnsConfig.
[1117/184750.999:WARNING:dns_config_service_win.cc(668)] Failed to read DnsConfig.
[1117/184756.012:WARNING:dns_config_service_win.cc(668)] Failed to read DnsConfig.
[1117/184801.023:WARNING:dns_config_service_win.cc(668)] Failed to read DnsConfig.
[1117/184806.033:WARNING:dns_config_service_win.cc(668)] Failed to read DnsConfig.
[1117/184811.045:WARNING:dns_config_service_win.cc(668)] Failed to read DnsConfig.
[1117/184816.056:WARNING:dns_config_service_win.cc(668)] Failed to read DnsConfig.
[1117/184821.067:WARNING:dns_config_service_win.cc(668)] Failed to read DnsConfig.
[1117/184826.076:WARNING:dns_config_service_win.cc(668)] Failed to read DnsConfig.
[1117/184831.088:WARNING:dns_config_service_win.cc(668)] Failed to read DnsConfig.
[1117/184836.098:WARNING:dns_config_service_win.cc(668)] Failed to read DnsConfig.
[1117/184841.107:WARNING:dns_config_service_win.cc(668)] Failed to read DnsConfig.
[1117/184846.117:WARNING:dns_config_service_win.cc(668)] Failed to read DnsConfig.
[1117/184851.127:WARNING:dns_config_service_win.cc(668)] Failed to read DnsConfig.
[1117/184856.137:WARNING:dns_config_service_win.cc(668)] Failed to read DnsConfig.
[1117/184901.148:WARNING:dns_config_service_win.cc(668)] Failed to read DnsConfig.
[1117/184906.157:WARNING:dns_config_service_win.cc(668)] Failed to read DnsConfig.
[1117/184911.169:WARNING:dns_config_service_win.cc(668)] Failed to read DnsConfig.
[1117/184916.178:WARNING:dns_config_service_win.cc(668)] Failed to read DnsConfig.
[1117/184921.189:WARNING:dns_config_service_win.cc(668)] Failed to read DnsConfig.
[1117/184926.202:WARNING:dns_config_service_win.cc(668)] Failed to read DnsConfig.
[1117/184931.213:WARNING:dns_config_service_win.cc(668)] Failed to read DnsConfig.
[1117/184936.226:WARNING:dns_config_service_win.cc(668)] Failed to read DnsConfig.
[1117/184941.240:WARNING:dns_config_service_win.cc(668)] Failed to read DnsConfig.
[1117/184946.252:WARNING:dns_config_service_win.cc(668)] Failed to read DnsConfig.
[1117/184951.265:WARNING:dns_config_service_win.cc(668)] Failed to read DnsConfig.
[1117/184956.278:WARNING:dns_config_service_win.cc(668)] Failed to read DnsConfig.
[1117/185001.288:WARNING:dns_config_service_win.cc(668)] Failed to read DnsConfig.
[1117/185006.299:WARNING:dns_config_service_win.cc(668)] Failed to read DnsConfig.
[1117/185011.310:WARNING:dns_config_service_win.cc(668)] Failed to read DnsConfig.
[1117/185016.322:WARNING:dns_config_service_win.cc(668)] Failed to read DnsConfig.
[1117/185021.331:WARNING:dns_config_service_win.cc(668)] Failed to read DnsConfig.
[1117/185026.342:WARNING:dns_config_service_win.cc(668)] Failed to read DnsConfig.
[1117/185031.351:WARNING:dns_config_service_win.cc(668)] Failed to read DnsConfig.
[1117/185036.369:WARNING:dns_config_service_win.cc(668)] Failed to read DnsConfig.
[1117/185041.398:WARNING:dns_config_service_win.cc(668)] Failed to read DnsConfig.
[1117/185046.407:WARNING:dns_config_service_win.cc(668)] Failed to read DnsConfig.
[1117/185051.421:WARNING:dns_config_service_win.cc(668)] Failed to read DnsConfig.
[1117/185056.432:WARNING:dns_config_service_win.cc(668)] Failed to read DnsConfig.
[1117/185101.443:WARNING:dns_config_service_win.cc(668)] Failed to read DnsConfig.
[1117/185106.455:WARNING:dns_config_service_win.cc(668)] Failed to read DnsConfig.
[1117/185111.468:WARNING:dns_config_service_win.cc(668)] Failed to read DnsConfig.
[1117/185116.480:WARNING:dns_config_service_win.cc(668)] Failed to read DnsConfig.
[1117/185121.494:WARNING:dns_config_service_win.cc(668)] Failed to read DnsConfig.
[1117/185126.507:WARNING:dns_config_service_win.cc(668)] Failed to read DnsConfig.
[1117/185131.520:WARNING:dns_config_service_win.cc(668)] Failed to read DnsConfig.
[1117/185136.532:WARNING:dns_config_service_win.cc(668)] Failed to read DnsConfig.
[1117/185141.542:WARNING:dns_config_service_win.cc(668)] Failed to read DnsConfig.
[1117/185146.552:WARNING:dns_config_service_win.cc(668)] Failed to read DnsConfig.
[1117/185151.562:WARNING:dns_config_service_win.cc(668)] Failed to read DnsConfig.
[1117/185156.571:WARNING:dns_config_service_win.cc(668)] Failed to read DnsConfig.
[1117/185201.581:WARNING:dns_config_service_win.cc(668)] Failed to read DnsConfig.
[1117/185206.591:WARNING:dns_config_service_win.cc(668)] Failed to read DnsConfig.
[1117/185211.601:WARNING:dns_config_service_win.cc(668)] Failed to read DnsConfig.
[1117/185216.611:WARNING:dns_config_service_win.cc(668)] Failed to read DnsConfig.
[1117/185221.621:WARNING:dns_config_service_win.cc(668)] Failed to read DnsConfig.
[1117/185226.633:WARNING:dns_config_service_win.cc(668)] Failed to read DnsConfig.
[1117/185231.642:WARNING:dns_config_service_win.cc(668)] Failed to read DnsConfig.
[1117/185236.651:WARNING:dns_config_service_win.cc(668)] Failed to read DnsConfig.
[1117/185241.663:WARNING:dns_config_service_win.cc(668)] Failed to read DnsConfig.
[1117/185246.673:WARNING:dns_config_service_win.cc(668)] Failed to read DnsConfig.
[1117/185251.685:WARNING:dns_config_service_win.cc(668)] Failed to read DnsConfig.
[1117/185256.695:WARNING:dns_config_service_win.cc(668)] Failed to read DnsConfig.
[1117/185301.707:WARNING:dns_config_service_win.cc(668)] Failed to read DnsConfig.
[1117/185306.720:WARNING:dns_config_service_win.cc(668)] Failed to read DnsConfig.
[1117/185311.730:WARNING:dns_config_service_win.cc(668)] Failed to read DnsConfig.
[1117/185316.743:WARNING:dns_config_service_win.cc(668)] Failed to read DnsConfig.
[1117/185321.755:WARNING:dns_config_service_win.cc(668)] Failed to read DnsConfig.
[1117/185326.767:WARNING:dns_config_service_win.cc(668)] Failed to read DnsConfig.
[1117/185331.778:WARNING:dns_config_service_win.cc(668)] Failed to read DnsConfig.
[1117/185336.789:WARNING:dns_config_service_win.cc(668)] Failed to read DnsConfig.
[1117/185341.800:WARNING:dns_config_service_win.cc(668)] Failed to read DnsConfig.
[1117/185346.813:WARNING:dns_config_service_win.cc(668)] Failed to read DnsConfig.
[1117/185351.828:WARNING:dns_config_service_win.cc(668)] Failed to read DnsConfig.
[1117/185356.843:WARNING:dns_config_service_win.cc(668)] Failed to read DnsConfig.
[1117/185401.859:WARNING:dns_config_service_win.cc(668)] Failed to read DnsConfig.
[1117/185406.872:WARNING:dns_config_service_win.cc(668)] Failed to read DnsConfig.
[1117/185411.889:WARNING:dns_config_service_win.cc(668)] Failed to read DnsConfig.
[1117/185416.902:WARNING:dns_config_service_win.cc(668)] Failed to read DnsConfig.
[1117/185421.916:WARNING:dns_config_service_win.cc(668)] Failed to read DnsConfig.
[1117/185426.929:WARNING:dns_config_service_win.cc(668)] Failed to read DnsConfig.
[1117/185431.942:WARNING:dns_config_service_win.cc(668)] Failed to read DnsConfig.
[1117/185436.957:WARNING:dns_config_service_win.cc(668)] Failed to read DnsConfig.
[1117/185441.970:WARNING:dns_config_service_win.cc(668)] Failed to read DnsConfig.
[1117/185446.987:WARNING:dns_config_service_win.cc(668)] Failed to read DnsConfig.
[1117/185452.012:WARNING:dns_config_service_win.cc(668)] Failed to read DnsConfig.
[1117/185457.028:WARNING:dns_config_service_win.cc(668)] Failed to read DnsConfig.
[1117/185502.038:WARNING:dns_config_service_win.cc(668)] Failed to read DnsConfig.
[1117/185507.049:WARNING:dns_config_service_win.cc(668)] Failed to read DnsConfig.
[1117/185512.062:WARNING:dns_config_service_win.cc(668)] Failed to read DnsConfig.
[1117/185517.088:WARNING:dns_config_service_win.cc(668)] Failed to read DnsConfig.
[1117/185522.103:WARNING:dns_config_service_win.cc(668)] Failed to read DnsConfig.
[1117/185527.114:WARNING:dns_config_service_win.cc(668)] Failed to read DnsConfig.
[1117/185532.126:WARNING:dns_config_service_win.cc(668)] Failed to read DnsConfig.
[1117/185537.140:WARNING:dns_config_service_win.cc(668)] Failed to read DnsConfig.
[1117/185542.154:WARNING:dns_config_service_win.cc(668)] Failed to read DnsConfig.
[1117/185547.168:WARNING:dns_config_service_win.cc(668)] Failed to read DnsConfig.
[1117/185552.180:WARNING:dns_config_service_win.cc(668)] Failed to read DnsConfig.
[1117/185557.203:WARNING:dns_config_service_win.cc(668)] Failed to read DnsConfig.
[1117/185602.212:WARNING:dns_config_service_win.cc(668)] Failed to read DnsConfig.
[1117/185607.223:WARNING:dns_config_service_win.cc(668)] Failed to read DnsConfig.
[1117/185612.240:WARNING:dns_config_service_win.cc(668)] Failed to read DnsConfig.
[1117/185617.255:WARNING:dns_config_service_win.cc(668)] Failed to read DnsConfig.
[1117/185622.268:WARNING:dns_config_service_win.cc(668)] Failed to read DnsConfig.
[1117/185627.281:WARNING:dns_config_service_win.cc(668)] Failed to read DnsConfig.
[1117/185632.300:WARNING:dns_config_service_win.cc(668)] Failed to read DnsConfig.
[1117/185637.314:WARNING:dns_config_service_win.cc(668)] Failed to read DnsConfig.
[1117/185642.324:WARNING:dns_config_service_win.cc(668)] Failed to read DnsConfig.
[1117/185647.341:WARNING:dns_config_service_win.cc(668)] Failed to read DnsConfig.
[1117/185652.353:WARNING:dns_config_service_win.cc(668)] Failed to read DnsConfig.
[1117/185657.365:WARNING:dns_config_service_win.cc(668)] Failed to read DnsConfig.
[1117/185702.377:WARNING:dns_config_service_win.cc(668)] Failed to read DnsConfig.
[1117/185707.391:WARNING:dns_config_service_win.cc(668)] Failed to read DnsConfig.
[1117/185712.405:WARNING:dns_config_service_win.cc(668)] Failed to read DnsConfig.
[1117/185717.417:WARNING:dns_config_service_win.cc(668)] Failed to read DnsConfig.
[1117/185722.432:WARNING:dns_config_service_win.cc(668)] Failed to read DnsConfig.
[1117/185727.448:WARNING:dns_config_service_win.cc(668)] Failed to read DnsConfig.
[1117/185732.462:WARNING:dns_config_service_win.cc(668)] Failed to read DnsConfig.
[1117/185737.473:WARNING:dns_config_service_win.cc(668)] Failed to read DnsConfig.
[1117/185742.487:WARNING:dns_config_service_win.cc(668)] Failed to read DnsConfig.
[1117/185747.506:WARNING:dns_config_service_win.cc(668)] Failed to read DnsConfig.
[1117/185752.519:WARNING:dns_config_service_win.cc(668)] Failed to read DnsConfig.
[1117/185757.532:WARNING:dns_config_service_win.cc(668)] Failed to read DnsConfig.
[1117/185802.545:WARNING:dns_config_service_win.cc(668)] Failed to read DnsConfig.
[1117/185807.558:WARNING:dns_config_service_win.cc(668)] Failed to read DnsConfig.
[1117/185812.573:WARNING:dns_config_service_win.cc(668)] Failed to read DnsConfig.
[1117/185817.587:WARNING:dns_config_service_win.cc(668)] Failed to read DnsConfig.
[1117/192210.935:WARNING:dns_config_service_win.cc(668)] Failed to read DnsConfig.
[1117/192215.947:WARNING:dns_config_service_win.cc(668)] Failed to read DnsConfig.
[1117/192220.960:WARNING:dns_config_service_win.cc(668)] Failed to read DnsConfig.
[1117/192225.970:WARNING:dns_config_service_win.cc(668)] Failed to read DnsConfig.
[1117/192230.983:WARNING:dns_config_service_win.cc(668)] Failed to read DnsConfig.
[1117/192235.995:WARNING:dns_config_service_win.cc(668)] Failed to read DnsConfig.
[1117/192241.001:WARNING:dns_config_service_win.cc(668)] Failed to read DnsConfig.
[1117/192246.012:WARNING:dns_config_service_win.cc(668)] Failed to read DnsConfig.
[1117/192251.025:WARNING:dns_config_service_win.cc(668)] Failed to read DnsConfig.
[1117/192256.030:WARNING:dns_config_service_win.cc(668)] Failed to read DnsConfig.
[1117/192301.040:WARNING:dns_config_service_win.cc(668)] Failed to read DnsConfig.
[1117/192306.050:WARNING:dns_config_service_win.cc(668)] Failed to read DnsConfig.
[1117/192311.062:WARNING:dns_config_service_win.cc(668)] Failed to read DnsConfig.
[1117/192316.071:WARNING:dns_config_service_win.cc(668)] Failed to read DnsConfig.
[1117/192321.079:WARNING:dns_config_service_win.cc(668)] Failed to read DnsConfig.
[1117/192326.091:WARNING:dns_config_service_win.cc(668)] Failed to read DnsConfig.
[1117/192331.103:WARNING:dns_config_service_win.cc(668)] Failed to read DnsConfig.
[1117/192336.117:WARNING:dns_config_service_win.cc(668)] Failed to read DnsConfig.
[1117/192341.130:WARNING:dns_config_service_win.cc(668)] Failed to read DnsConfig.
[1117/192346.142:WARNING:dns_config_service_win.cc(668)] Failed to read DnsConfig.
[1117/192351.155:WARNING:dns_config_service_win.cc(668)] Failed to read DnsConfig.
[1117/192356.171:WARNING:dns_config_service_win.cc(668)] Failed to read DnsConfig.
[1117/192401.186:WARNING:dns_config_service_win.cc(668)] Failed to read DnsConfig.
[1117/192406.200:WARNING:dns_config_service_win.cc(668)] Failed to read DnsConfig.
[1117/192411.212:WARNING:dns_config_service_win.cc(668)] Failed to read DnsConfig.
[1117/192416.225:WARNING:dns_config_service_win.cc(668)] Failed to read DnsConfig.
[1117/192421.235:WARNING:dns_config_service_win.cc(668)] Failed to read DnsConfig.
[1117/192426.242:WARNING:dns_config_service_win.cc(668)] Failed to read DnsConfig.
[1117/192431.254:WARNING:dns_config_service_win.cc(668)] Failed to read DnsConfig.
[1117/192436.266:WARNING:dns_config_service_win.cc(668)] Failed to read DnsConfig.
[1117/192441.279:WARNING:dns_config_service_win.cc(668)] Failed to read DnsConfig.
[1117/192446.292:WARNING:dns_config_service_win.cc(668)] Failed to read DnsConfig.
[1117/192451.305:WARNING:dns_config_service_win.cc(668)] Failed to read DnsConfig.
[1117/192456.313:WARNING:dns_config_service_win.cc(668)] Failed to read DnsConfig.
[1117/192501.325:WARNING:dns_config_service_win.cc(668)] Failed to read DnsConfig.
[1117/192506.337:WARNING:dns_config_service_win.cc(668)] Failed to read DnsConfig.
[1117/192511.355:WARNING:dns_config_service_win.cc(668)] Failed to read DnsConfig.
[1117/192516.366:WARNING:dns_config_service_win.cc(668)] Failed to read DnsConfig.
[1117/192521.384:WARNING:dns_config_service_win.cc(668)] Failed to read DnsConfig.
[1117/192526.398:WARNING:dns_config_service_win.cc(668)] Failed to read DnsConfig.
[1117/192531.425:WARNING:dns_config_service_win.cc(668)] Failed to read DnsConfig.
[1117/192536.438:WARNING:dns_config_service_win.cc(668)] Failed to read DnsConfig.
[1117/192541.448:WARNING:dns_config_service_win.cc(668)] Failed to read DnsConfig.
[1117/192546.458:WARNING:dns_config_service_win.cc(668)] Failed to read DnsConfig.
[1117/192551.470:WARNING:dns_config_service_win.cc(668)] Failed to read DnsConfig.
[1117/192556.481:WARNING:dns_config_service_win.cc(668)] Failed to read DnsConfig.
[1117/192601.492:WARNING:dns_config_service_win.cc(668)] Failed to read DnsConfig.
[1117/192604.371:WARNING:dns_config_service_win.cc(668)] Failed to read DnsConfig.
[1117/192605.225:WARNING:dns_config_service_win.cc(668)] Failed to read DnsConfig.
[1117/192606.112:WARNING:dns_config_service_win.cc(668)] Failed to read DnsConfig.
[1117/192606.501:WARNING:dns_config_service_win.cc(668)] Failed to read DnsConfig.
